<?xml version="1.0" encoding="UTF-8"?>
<testsuite name="com.stafftimesheet.StaffTest" tests="1" skipped="0" failures="0" errors="0" timestamp="2018-09-02T09:14:04" hostname="Rodrigos-MacBook-Air.local" time="0.003">
  <properties/>
  <testcase name="shouldGetCorrectWage" classname="com.stafftimesheet.StaffTest" time="0.003"/>
  <system-out><![CDATA[]]></system-out>
  <system-err><![CDATA[]]></system-err>
</testsuite>
